Flow report for 8bitserialprocessor
Fri Sep 25 21:14:39 2020
Quartus Prime Version 18.0.0 Build 614 04/24/2018 SJ Lite Edition


---------------------
; Table of Contents ;
---------------------
  1. Legal Notice
  2. Flow Summary
  3. Flow Settings
  4. Flow Non-Default Global Settings
  5. Flow Elapsed Time
  6. Flow OS Summary
  7. Flow Log
  8. Flow Messages
  9. Flow Suppressed Messages



----------------
; Legal Notice ;
----------------
Copyright (C) 2018  Intel Corporation. All rights reserved.
Your use of Intel Corporation's design tools, logic functions 
and other software and tools, and its AMPP partner logic 
functions, and any output files from any of the foregoing 
(including device programming or simulation files), and any 
associated documentation or information are expressly subject 
to the terms and conditions of the Intel Program License 
Subscription Agreement, the Intel Quartus Prime License Agreement,
the Intel FPGA IP License Agreement, or other applicable license
agreement, including, without limitation, that your use is for
the sole purpose of programming logic devices manufactured by
Intel and sold by Intel or its authorized distributors.  Please
refer to the applicable agreement for further details.



+----------------------------------------------------------------------------------+
; Flow Summary                                                                     ;
+------------------------------------+---------------------------------------------+
; Flow Status                        ; Successful - Fri Sep 25 21:14:39 2020       ;
; Quartus Prime Version              ; 18.0.0 Build 614 04/24/2018 SJ Lite Edition ;
; Revision Name                      ; 8bitserialprocessor                         ;
; Top-level Entity Name              ; Processor                                   ;
; Family                             ; MAX 10                                      ;
; Device                             ; 10M50DAF484C7G                              ;
; Timing Models                      ; Final                                       ;
; Total logic elements               ; 81 / 49,760 ( < 1 % )                       ;
;     Total combinational functions  ; 73 / 49,760 ( < 1 % )                       ;
;     Dedicated logic registers      ; 43 / 49,760 ( < 1 % )                       ;
; Total registers                    ; 63                                          ;
; Total pins                         ; 66 / 360 ( 18 % )                           ;
; Total virtual pins                 ; 0                                           ;
; Total memory bits                  ; 0 / 1,677,312 ( 0 % )                       ;
; Embedded Multiplier 9-bit elements ; 0 / 288 ( 0 % )                             ;
; Total PLLs                         ; 0 / 4 ( 0 % )                               ;
; UFM blocks                         ; 0 / 1 ( 0 % )                               ;
; ADC blocks                         ; 0 / 2 ( 0 % )                               ;
+------------------------------------+---------------------------------------------+


+-----------------------------------------+
; Flow Settings                           ;
+-------------------+---------------------+
; Option            ; Setting             ;
+-------------------+---------------------+
; Start date & time ; 09/25/2020 21:13:16 ;
; Main task         ; Compilation         ;
; Revision Name     ; 8bitserialprocessor ;
+-------------------+---------------------+


+------------------------------------------------------------------------------------------------------------------------------------+
; Flow Non-Default Global Settings                                                                                                   ;
+--------------------------------------+----------------------------------------+---------------------+-------------+----------------+
; Assignment Name                      ; Value                                  ; Default Value       ; Entity Name ; Section Id     ;
+--------------------------------------+----------------------------------------+---------------------+-------------+----------------+
; COMPILER_SIGNATURE_ID                ; 121369451136.160108639504612           ; --                  ; --          ; --             ;
; EDA_DESIGN_INSTANCE_NAME             ; NA                                     ; --                  ; --          ; testbench8     ;
; EDA_NATIVELINK_SIMULATION_TEST_BENCH ; testbench8                             ; --                  ; --          ; eda_simulation ;
; EDA_OUTPUT_DATA_FORMAT               ; Systemverilog Hdl                      ; --                  ; --          ; eda_simulation ;
; EDA_SIMULATION_TOOL                  ; ModelSim-Altera (SystemVerilog)        ; <None>              ; --          ; --             ;
; EDA_TEST_BENCH_ENABLE_STATUS         ; TEST_BENCH_MODE                        ; --                  ; --          ; eda_simulation ;
; EDA_TEST_BENCH_FILE                  ; ../logic_processor_4bit/testbench_8.sv ; --                  ; --          ; testbench8     ;
; EDA_TEST_BENCH_MODULE_NAME           ; testbench8                             ; --                  ; --          ; testbench8     ;
; EDA_TEST_BENCH_NAME                  ; testbench8                             ; --                  ; --          ; eda_simulation ;
; EDA_TEST_BENCH_RUN_SIM_FOR           ; 1000 ns                                ; --                  ; --          ; testbench8     ;
; EDA_TIME_SCALE                       ; 1 ps                                   ; --                  ; --          ; eda_simulation ;
; FLOW_ENABLE_POWER_ANALYZER           ; On                                     ; Off                 ; --          ; --             ;
; MAX_CORE_JUNCTION_TEMP               ; 85                                     ; --                  ; --          ; --             ;
; MIN_CORE_JUNCTION_TEMP               ; 0                                      ; --                  ; --          ; --             ;
; PARTITION_COLOR                      ; -- (Not supported for targeted family) ; --                  ; Processor   ; Top            ;
; PARTITION_FITTER_PRESERVATION_LEVEL  ; -- (Not supported for targeted family) ; --                  ; Processor   ; Top            ;
; PARTITION_NETLIST_TYPE               ; -- (Not supported for targeted family) ; --                  ; Processor   ; Top            ;
; POWER_BOARD_THERMAL_MODEL            ; None (CONSERVATIVE)                    ; --                  ; --          ; --             ;
; POWER_DEFAULT_INPUT_IO_TOGGLE_RATE   ; 12.5 %                                 ; 12.5%               ; --          ; --             ;
; POWER_PRESET_COOLING_SOLUTION        ; 23 MM HEAT SINK WITH 200 LFPM AIRFLOW  ; --                  ; --          ; --             ;
; PROJECT_OUTPUT_DIRECTORY             ; output_files                           ; --                  ; --          ; --             ;
; TOP_LEVEL_ENTITY                     ; Processor                              ; 8bitserialprocessor ; --          ; --             ;
+--------------------------------------+----------------------------------------+---------------------+-------------+----------------+


+--------------------------------------------------------------------------------------------------------------------------+
; Flow Elapsed Time                                                                                                        ;
+----------------------+--------------+-------------------------+---------------------+------------------------------------+
; Module Name          ; Elapsed Time ; Average Processors Used ; Peak Virtual Memory ; Total CPU Time (on all processors) ;
+----------------------+--------------+-------------------------+---------------------+------------------------------------+
; Analysis & Synthesis ; 00:00:32     ; 1.0                     ; 4736 MB             ; 00:00:47                           ;
; Fitter               ; 00:00:24     ; 1.0                     ; 5335 MB             ; 00:00:26                           ;
; Assembler            ; 00:00:08     ; 1.0                     ; 4680 MB             ; 00:00:07                           ;
; Power Analyzer       ; 00:00:05     ; 1.0                     ; 4818 MB             ; 00:00:05                           ;
; Timing Analyzer      ; 00:00:05     ; 1.0                     ; 4783 MB             ; 00:00:05                           ;
; EDA Netlist Writer   ; 00:00:01     ; 1.0                     ; 4637 MB             ; 00:00:01                           ;
; Total                ; 00:01:15     ; --                      ; --                  ; 00:01:31                           ;
+----------------------+--------------+-------------------------+---------------------+------------------------------------+


+------------------------------------------------------------------------------------+
; Flow OS Summary                                                                    ;
+----------------------+------------------+------------+------------+----------------+
; Module Name          ; Machine Hostname ; OS Name    ; OS Version ; Processor type ;
+----------------------+------------------+------------+------------+----------------+
; Analysis & Synthesis ; CHUANGYIZHA91F4  ; Windows 10 ; 10.0       ; x86_64         ;
; Fitter               ; CHUANGYIZHA91F4  ; Windows 10 ; 10.0       ; x86_64         ;
; Assembler            ; CHUANGYIZHA91F4  ; Windows 10 ; 10.0       ; x86_64         ;
; Power Analyzer       ; CHUANGYIZHA91F4  ; Windows 10 ; 10.0       ; x86_64         ;
; Timing Analyzer      ; CHUANGYIZHA91F4  ; Windows 10 ; 10.0       ; x86_64         ;
; EDA Netlist Writer   ; CHUANGYIZHA91F4  ; Windows 10 ; 10.0       ; x86_64         ;
+----------------------+------------------+------------+------------+----------------+


------------
; Flow Log ;
------------
quartus_map --read_settings_files=on --write_settings_files=off 8bitserialprocessor -c 8bitserialprocessor
quartus_fit --read_settings_files=off --write_settings_files=off 8bitserialprocessor -c 8bitserialprocessor
quartus_asm --read_settings_files=off --write_settings_files=off 8bitserialprocessor -c 8bitserialprocessor
quartus_pow --read_settings_files=off --write_settings_files=off 8bitserialprocessor -c 8bitserialprocessor
quartus_sta 8bitserialprocessor -c 8bitserialprocessor
quartus_eda --read_settings_files=off --write_settings_files=off 8bitserialprocessor -c 8bitserialprocessor



